<?xml version="1.0" encoding="UTF-8"?>
<!-- Generated by org.testng.reporters.JUnitXMLReporter -->
<testsuite hostname="DESKTOP-0C4S9DC" ignored="1" name="TestNG Parameter Test1" tests="1" failures="0" timestamp="03 Jun 2018 07:48:13 GMT" time="23.948" errors="0">
  <testcase name="getPageTitle" time="0.023" classname="automationTesting.ParameterTest"/>
  <testcase name="login" time="0.0" classname="automationTesting.ParameterTest">
    <ignored/>
  </testcase> <!-- login -->
</testsuite> <!-- TestNG Parameter Test1 -->
